This is pdfTeX, Version 3.141592653-2.6-1.40.26 (TeX Live 2024) (preloaded format=pdflatex 2024.4.28)  23 MAY 2024 16:04
entering extended mode
 restricted \write18 enabled.
 file:line:error style messages enabled.
 %&-line parsing enabled.
**c:/Users/kerry/repos/book/texFiles/Course_Jan.tex
(c:/Users/kerry/repos/book/texFiles/Course_Jan.tex
LaTeX2e <2023-11-01> patch level 1
L3 programming layer <2024-03-14>

! LaTeX Error: File `svmono.cls' not found.

Type X to quit or <RETURN> to proceed,
or enter new name. (Default extension: cls)

Enter file name: 
c:/Users/kerry/repos/book/texFiles/Course_Jan.tex:2: Emergency stop.
<read *> 
         
l.2 ^^M
       
*** (cannot \read from terminal in nonstop modes)

 
Here is how much of TeX's memory you used:
 20 strings out of 474104
 531 string characters out of 5747502
 1925496 words of memory out of 5000000
 22491 multiletter control sequences out of 15000+600000
 558069 words of font info for 36 fonts, out of 8000000 for 9000
 1141 hyphenation exceptions out of 8191
 19i,0n,29p,133b,17s stack positions out of 10000i,1000n,20000p,200000b,200000s
c:/Users/kerry/repos/book/texFiles/Course_Jan.tex:2:  ==> Fatal error occurred, no output PDF file produced!
